Determining if the pthread_create exist failed with the following output:
Change Dir: /root/catkin_ws/ardupilot_ws/src/dro/build/CMakeFiles/CMakeTmp

Run Build Command:"/usr/bin/make" "cmTC_ced78/fast"
/usr/bin/make -f CMakeFiles/cmTC_ced78.dir/build.make CMakeFiles/cmTC_ced78.dir/build
make[1]: Entering directory '/root/catkin_ws/ardupilot_ws/src/dro/build/CMakeFiles/CMakeTmp'
Building C object CMakeFiles/cmTC_ced78.dir/CheckSymbolExists.c.o
/usr/lib/ccache/cc    -o CMakeFiles/cmTC_ced78.dir/CheckSymbolExists.c.o   -c /root/catkin_ws/ardupilot_ws/src/dro/build/CMakeFiles/CMakeTmp/CheckSymbolExists.c
Linking C executable cmTC_ced78
/usr/bin/cmake -E cmake_link_script CMakeFiles/cmTC_ced78.dir/link.txt --verbose=1
/usr/lib/ccache/cc      -rdynamic CMakeFiles/cmTC_ced78.dir/CheckSymbolExists.c.o  -o cmTC_ced78 
CMakeFiles/cmTC_ced78.dir/CheckSymbolExists.c.o: In function `main':
CheckSymbolExists.c:(.text+0x14): undefined reference to `pthread_create'
CheckSymbolExists.c:(.text+0x18): undefined reference to `pthread_create'
collect2: error: ld returned 1 exit status
CMakeFiles/cmTC_ced78.dir/build.make:97: recipe for target 'cmTC_ced78' failed
make[1]: *** [cmTC_ced78] Error 1
make[1]: Leaving directory '/root/catkin_ws/ardupilot_ws/src/dro/build/CMakeFiles/CMakeTmp'
Makefile:126: recipe for target 'cmTC_ced78/fast' failed
make: *** [cmTC_ced78/fast] Error 2

File /root/catkin_ws/ardupilot_ws/src/dro/build/CMakeFiles/CMakeTmp/CheckSymbolExists.c:
/* */
#include <pthread.h>

int main(int argc, char** argv)
{
  (void)argv;
#ifndef pthread_create
  return ((int*)(&pthread_create))[argc];
#else
  (void)argc;
  return 0;
#endif
}

Determining if the function pthread_create exists in the pthreads failed with the following output:
Change Dir: /root/catkin_ws/ardupilot_ws/src/dro/build/CMakeFiles/CMakeTmp

Run Build Command:"/usr/bin/make" "cmTC_cfa58/fast"
/usr/bin/make -f CMakeFiles/cmTC_cfa58.dir/build.make CMakeFiles/cmTC_cfa58.dir/build
make[1]: Entering directory '/root/catkin_ws/ardupilot_ws/src/dro/build/CMakeFiles/CMakeTmp'
Building C object CMakeFiles/cmTC_cfa58.dir/CheckFunctionExists.c.o
/usr/lib/ccache/cc   -DCHECK_FUNCTION_EXISTS=pthread_create   -o CMakeFiles/cmTC_cfa58.dir/CheckFunctionExists.c.o   -c /usr/share/cmake-3.10/Modules/CheckFunctionExists.c
Linking C executable cmTC_cfa58
/usr/bin/cmake -E cmake_link_script CMakeFiles/cmTC_cfa58.dir/link.txt --verbose=1
/usr/lib/ccache/cc  -DCHECK_FUNCTION_EXISTS=pthread_create    -rdynamic CMakeFiles/cmTC_cfa58.dir/CheckFunctionExists.c.o  -o cmTC_cfa58 -lpthreads 
/usr/bin/ld: cannot find -lpthreads
collect2: error: ld returned 1 exit status
CMakeFiles/cmTC_cfa58.dir/build.make:97: recipe for target 'cmTC_cfa58' failed
make[1]: *** [cmTC_cfa58] Error 1
make[1]: Leaving directory '/root/catkin_ws/ardupilot_ws/src/dro/build/CMakeFiles/CMakeTmp'
Makefile:126: recipe for target 'cmTC_cfa58/fast' failed
make: *** [cmTC_cfa58/fast] Error 2


